Intermediate/Android/armv7/gradle/app/build/intermediates/manifest_merge_blame_file/debug/manifest-merger-blame-debug-report.txt
1<?xml version="1.0" encoding="utf-8"?>
2<manifest xmlns:android="http://schemas.android.com/apk/res/android"
3    package="com.EpicGames.AndroidQuickStart"
4    android:installLocation="internalOnly"
5    android:versionCode="1"
6    android:versionName="1.0" >
7
8    <uses-sdk
9        android:minSdkVersion="21"
9-->src\main\AndroidManifest.xml
10        android:targetSdkVersion="30" />
10-->src\main\AndroidManifest.xml
11
12    <queries>
12-->src\main\AndroidManifest.xml:2:3-13:13
13        <intent>
13-->src\main\AndroidManifest.xml:3:5-7:14
14            <action android:name="android.intent.action.VIEW" />
14-->src\main\AndroidManifest.xml:4:7-59
14-->src\main\AndroidManifest.xml:4:15-56
15
16            <category android:name="android.intent.category.BROWSABLE" />
16-->src\main\AndroidManifest.xml:5:7-68
16-->src\main\AndroidManifest.xml:5:17-65
17
18            <data android:scheme="http" />
18-->src\main\AndroidManifest.xml:6:7-37
18-->src\main\AndroidManifest.xml:6:13-34
19        </intent>
20        <intent>
20-->src\main\AndroidManifest.xml:3:5-7:14
21            <action android:name="android.intent.action.VIEW" />
21-->src\main\AndroidManifest.xml:4:7-59
21-->src\main\AndroidManifest.xml:4:15-56
22
23            <category android:name="android.intent.category.BROWSABLE" />
23-->src\main\AndroidManifest.xml:5:7-68
23-->src\main\AndroidManifest.xml:5:17-65
24
25            <data android:scheme="https" />
25-->src\main\AndroidManifest.xml:6:7-37
25-->src\main\AndroidManifest.xml:6:13-34
26        </intent>
27    </queries>
28    <!-- Requirements -->
29    <uses-feature
29-->src\main\AndroidManifest.xml:60:3-76
30        android:glEsVersion="0x00030001"
30-->src\main\AndroidManifest.xml:60:17-49
31        android:required="true" />
31-->src\main\AndroidManifest.xml:60:50-73
32
33    <uses-permission android:name="android.permission.INTERNET" />
33-->src\main\AndroidManifest.xml:61:3-65
33-->src\main\AndroidManifest.xml:61:20-62
34    <uses-permission android:name="android.permission.WRITE_EXTERNAL_STORAGE" />
34-->src\main\AndroidManifest.xml:62:3-79
34-->src\main\AndroidManifest.xml:62:20-76
35    <uses-permission android:name="android.permission.ACCESS_NETWORK_STATE" />
35-->src\main\AndroidManifest.xml:63:3-77
35-->src\main\AndroidManifest.xml:63:20-74
36    <uses-permission android:name="android.permission.WAKE_LOCK" />
36-->src\main\AndroidManifest.xml:64:3-66
36-->src\main\AndroidManifest.xml:64:20-63
37    <uses-permission android:name="com.android.vending.CHECK_LICENSE" />
37-->src\main\AndroidManifest.xml:65:3-71
37-->src\main\AndroidManifest.xml:65:20-68
38    <uses-permission android:name="android.permission.ACCESS_WIFI_STATE" />
38-->src\main\AndroidManifest.xml:66:3-74
38-->src\main\AndroidManifest.xml:66:20-71
39    <uses-permission android:name="android.permission.MODIFY_AUDIO_SETTINGS" />
39-->src\main\AndroidManifest.xml:67:3-78
39-->src\main\AndroidManifest.xml:67:20-75
40    <uses-permission android:name="android.permission.VIBRATE" />
40-->src\main\AndroidManifest.xml:68:3-64
40-->src\main\AndroidManifest.xml:68:20-61
41    <uses-permission android:name="com.android.vending.BILLING" />
41-->src\main\AndroidManifest.xml:69:3-65
41-->src\main\AndroidManifest.xml:69:20-62
42    <!-- Supported texture compression formats (cooked) -->
43    <supports-gl-texture android:name="GL_KHR_texture_compression_astc_ldr" />
43-->src\main\AndroidManifest.xml:71:3-77
43-->src\main\AndroidManifest.xml:71:24-74
44    <!-- Application Definition -->
45    <application
45-->src\main\AndroidManifest.xml:15:3-58:17
46        android:name="com.epicgames.ue4.GameApplication"
46-->src\main\AndroidManifest.xml:15:147-195
47        android:appComponentFactory="androidx.core.app.CoreComponentFactory"
47-->[androidx.core:core:1.0.0] AndroidManifest.xml:22:18-86
48        android:debuggable="true"
49        android:extractNativeLibs="true"
49-->src\main\AndroidManifest.xml:15:114-146
50        android:hardwareAccelerated="true"
50-->src\main\AndroidManifest.xml:15:79-113
51        android:hasCode="true"
51-->src\main\AndroidManifest.xml:15:240-262
52        android:icon="@drawable/icon"
52-->src\main\AndroidManifest.xml:15:49-78
53        android:label="@string/app_name"
53-->src\main\AndroidManifest.xml:15:16-48
54        android:requestLegacyExternalStorage="true" >
54-->src\main\AndroidManifest.xml:15:196-239
55        <activity
55-->src\main\AndroidManifest.xml:16:5-21:16
56            android:name="com.epicgames.ue4.SplashActivity"
56-->src\main\AndroidManifest.xml:16:15-62
57            android:debuggable="true"
57-->src\main\AndroidManifest.xml:16:210-235
58            android:label="@string/app_name"
58-->src\main\AndroidManifest.xml:16:63-95
59            android:launchMode="singleTask"
59-->src\main\AndroidManifest.xml:16:134-165
60            android:screenOrientation="sensorLandscape"
60-->src\main\AndroidManifest.xml:16:166-209
61            android:theme="@style/UE4SplashTheme" >
61-->src\main\AndroidManifest.xml:16:96-133
62            <intent-filter>
62-->src\main\AndroidManifest.xml:17:7-20:23
63                <action android:name="android.intent.action.MAIN" />
63-->src\main\AndroidManifest.xml:18:9-61
63-->src\main\AndroidManifest.xml:18:17-58
64
65                <category android:name="android.intent.category.LAUNCHER" />
65-->src\main\AndroidManifest.xml:19:9-69
65-->src\main\AndroidManifest.xml:19:19-66
66            </intent-filter>
67        </activity>
68        <activity
68-->src\main\AndroidManifest.xml:22:5-24:16
69            android:name="com.epicgames.ue4.GameActivity"
69-->src\main\AndroidManifest.xml:22:15-60
70            android:configChanges="mcc|mnc|uiMode|density|screenSize|smallestScreenSize|screenLayout|orientation|keyboardHidden|keyboard"
70-->src\main\AndroidManifest.xml:22:132-257
71            android:debuggable="true"
71-->src\main\AndroidManifest.xml:22:369-394
72            android:label="@string/app_name"
72-->src\main\AndroidManifest.xml:22:61-93
73            android:launchMode="singleTask"
73-->src\main\AndroidManifest.xml:22:293-324
74            android:resizeableActivity="false"
74-->src\main\AndroidManifest.xml:22:258-292
75            android:screenOrientation="sensorLandscape"
75-->src\main\AndroidManifest.xml:22:325-368
76            android:theme="@style/UE4SplashTheme" >
76-->src\main\AndroidManifest.xml:22:94-131
77            <meta-data
77-->src\main\AndroidManifest.xml:23:7-76
78                android:name="android.app.lib_name"
78-->src\main\AndroidManifest.xml:23:18-53
79                android:value="UE4" />
79-->src\main\AndroidManifest.xml:23:54-73
80        </activity>
81        <activity
81-->src\main\AndroidManifest.xml:25:5-228
82            android:name="com.EpicGames.AndroidQuickStart.DownloaderActivity"
82-->src\main\AndroidManifest.xml:25:15-49
83            android:configChanges="mcc|mnc|uiMode|density|screenSize|orientation|keyboardHidden|keyboard"
83-->src\main\AndroidManifest.xml:25:94-187
84            android:screenOrientation="sensorLandscape"
84-->src\main\AndroidManifest.xml:25:50-93
85            android:theme="@style/UE4SplashTheme" />
85-->src\main\AndroidManifest.xml:25:188-225
86
87        <meta-data
87-->src\main\AndroidManifest.xml:26:5-101
88            android:name="com.epicgames.ue4.GameActivity.EngineVersion"
88-->src\main\AndroidManifest.xml:26:16-75
89            android:value="4.27.2" />
89-->src\main\AndroidManifest.xml:26:76-98
90        <meta-data
90-->src\main\AndroidManifest.xml:27:5-112
91            android:name="com.epicgames.ue4.GameActivity.EngineBranch"
91-->src\main\AndroidManifest.xml:27:16-74
92            android:value="++UE4+Release-4.27" />
92-->src\main\AndroidManifest.xml:27:75-109
93        <meta-data
93-->src\main\AndroidManifest.xml:28:5-103
94            android:name="com.epicgames.ue4.GameActivity.ProjectVersion"
94-->src\main\AndroidManifest.xml:28:16-76
95            android:value="1.0.0.0" />
95-->src\main\AndroidManifest.xml:28:77-100
96        <meta-data
96-->src\main\AndroidManifest.xml:29:5-104
97            android:name="com.epicgames.ue4.GameActivity.DepthBufferPreference"
97-->src\main\AndroidManifest.xml:29:16-83
98            android:value="0" />
98-->src\main\AndroidManifest.xml:29:84-101
99        <meta-data
99-->src\main\AndroidManifest.xml:30:5-107
100            android:name="com.epicgames.ue4.GameActivity.bPackageDataInsideApk"
100-->src\main\AndroidManifest.xml:30:16-83
101            android:value="true" />
101-->src\main\AndroidManifest.xml:30:84-104
102        <meta-data
102-->src\main\AndroidManifest.xml:31:5-106
103            android:name="com.epicgames.ue4.GameActivity.bVerifyOBBOnStartUp"
103-->src\main\AndroidManifest.xml:31:16-81
104            android:value="false" />
104-->src\main\AndroidManifest.xml:31:82-103
105        <meta-data
105-->src\main\AndroidManifest.xml:32:5-99
106            android:name="com.epicgames.ue4.GameActivity.bShouldHideUI"
106-->src\main\AndroidManifest.xml:32:16-75
107            android:value="true" />
107-->src\main\AndroidManifest.xml:32:76-96
108        <meta-data
108-->src\main\AndroidManifest.xml:33:5-105
109            android:name="com.epicgames.ue4.GameActivity.ProjectName"
109-->src\main\AndroidManifest.xml:33:16-73
110            android:value="AndroidQuick" />
110-->src\main\AndroidManifest.xml:33:74-102
111        <meta-data
111-->src\main\AndroidManifest.xml:34:5-89
112            android:name="com.epicgames.ue4.GameActivity.AppType"
112-->src\main\AndroidManifest.xml:34:16-69
113            android:value="" />
113-->src\main\AndroidManifest.xml:34:70-86
114        <meta-data
114-->src\main\AndroidManifest.xml:35:5-98
115            android:name="com.epicgames.ue4.GameActivity.bHasOBBFiles"
115-->src\main\AndroidManifest.xml:35:16-74
116            android:value="true" />
116-->src\main\AndroidManifest.xml:35:75-95
117        <meta-data
117-->src\main\AndroidManifest.xml:36:5-111
118            android:name="com.epicgames.ue4.GameActivity.BuildConfiguration"
118-->src\main\AndroidManifest.xml:36:16-80
119            android:value="Development" />
119-->src\main\AndroidManifest.xml:36:81-108
120        <meta-data
120-->src\main\AndroidManifest.xml:37:5-99
121            android:name="com.epicgames.ue4.GameActivity.CookedFlavors"
121-->src\main\AndroidManifest.xml:37:16-75
122            android:value="ASTC" />
122-->src\main\AndroidManifest.xml:37:76-96
123        <meta-data
123-->src\main\AndroidManifest.xml:38:5-109
124            android:name="com.epicgames.ue4.GameActivity.bValidateTextureFormats"
124-->src\main\AndroidManifest.xml:38:16-85
125            android:value="true" />
125-->src\main\AndroidManifest.xml:38:86-106
126        <meta-data
126-->src\main\AndroidManifest.xml:39:5-107
127            android:name="com.epicgames.ue4.GameActivity.bUseExternalFilesDir"
127-->src\main\AndroidManifest.xml:39:16-82
128            android:value="false" />
128-->src\main\AndroidManifest.xml:39:83-104
129        <meta-data
129-->src\main\AndroidManifest.xml:40:5-102
130            android:name="com.epicgames.ue4.GameActivity.bPublicLogFiles"
130-->src\main\AndroidManifest.xml:40:16-77
131            android:value="false" />
131-->src\main\AndroidManifest.xml:40:78-99
132        <meta-data
132-->src\main\AndroidManifest.xml:41:5-104
133            android:name="com.epicgames.ue4.GameActivity.bUseDisplayCutout"
133-->src\main\AndroidManifest.xml:41:16-79
134            android:value="false" />
134-->src\main\AndroidManifest.xml:41:80-101
135        <meta-data
135-->src\main\AndroidManifest.xml:42:5-96
136            android:name="com.epicgames.ue4.GameActivity.bAllowIMU"
136-->src\main\AndroidManifest.xml:42:16-71
137            android:value="false" />
137-->src\main\AndroidManifest.xml:42:72-93
138        <meta-data
138-->src\main\AndroidManifest.xml:43:5-102
139            android:name="com.epicgames.ue4.GameActivity.bSupportsVulkan"
139-->src\main\AndroidManifest.xml:43:16-77
140            android:value="false" />
140-->src\main\AndroidManifest.xml:43:78-99
141        <meta-data
141-->src\main\AndroidManifest.xml:44:5-141
142            android:name="com.epicgames.ue4.GameActivity.StartupPermissions"
142-->src\main\AndroidManifest.xml:44:16-80
143            android:value="android.permission.WRITE_EXTERNAL_STORAGE" />
143-->src\main\AndroidManifest.xml:44:81-138
144        <meta-data
144-->src\main\AndroidManifest.xml:45:5-100
145            android:name="com.google.android.gms.games.APP_ID"
145-->src\main\AndroidManifest.xml:45:16-66
146            android:value="@string/app_id" />
146-->src\main\AndroidManifest.xml:45:67-97
147        <meta-data
147-->src\main\AndroidManifest.xml:46:5-118
148            android:name="com.google.android.gms.version"
148-->src\main\AndroidManifest.xml:46:16-61
149            android:value="@integer/google_play_services_version" />
149-->src\main\AndroidManifest.xml:46:62-115
150
151        <activity
151-->src\main\AndroidManifest.xml:47:5-180
152            android:name="com.google.android.gms.ads.AdActivity"
152-->src\main\AndroidManifest.xml:47:15-67
153            android:configChanges="keyboard|keyboardHidden|orientation|screenLayout|uiMode|screenSize|smallestScreenSize"
153-->src\main\AndroidManifest.xml:47:68-177
154            android:exported="false"
154-->[com.google.android.gms:play-services-ads-lite:11.8.0] AndroidManifest.xml:32:13-37
155            android:theme="@android:style/Theme.Translucent" />
155-->[com.google.android.gms:play-services-ads-lite:11.8.0] AndroidManifest.xml:33:13-61
156
157        <service android:name="com.EpicGames.AndroidQuickStart.OBBDownloaderService" />
157-->src\main\AndroidManifest.xml:48:5-52
157-->src\main\AndroidManifest.xml:48:14-49
158
159        <receiver android:name="com.EpicGames.AndroidQuickStart.AlarmReceiver" />
159-->src\main\AndroidManifest.xml:49:5-46
159-->src\main\AndroidManifest.xml:49:15-43
160        <receiver android:name="com.epicgames.ue4.LocalNotificationReceiver" />
160-->src\main\AndroidManifest.xml:50:5-76
160-->src\main\AndroidManifest.xml:50:15-73
161        <receiver
161-->src\main\AndroidManifest.xml:51:5-55:16
162            android:name="com.epicgames.ue4.MulticastBroadcastReceiver"
162-->src\main\AndroidManifest.xml:51:15-74
163            android:exported="true" >
163-->src\main\AndroidManifest.xml:51:75-98
164            <intent-filter>
164-->src\main\AndroidManifest.xml:52:7-54:23
165                <action android:name="com.android.vending.INSTALL_REFERRER" />
165-->src\main\AndroidManifest.xml:53:9-71
165-->src\main\AndroidManifest.xml:53:17-68
166            </intent-filter>
167        </receiver>
168
169        <meta-data
169-->src\main\AndroidManifest.xml:56:5-73
170            android:name="android.max_aspect"
170-->src\main\AndroidManifest.xml:56:16-49
171            android:value="2.10" />
171-->src\main\AndroidManifest.xml:56:50-70
172        <meta-data
172-->src\main\AndroidManifest.xml:57:5-83
173            android:name="com.oculus.supportedDevices"
173-->src\main\AndroidManifest.xml:57:16-58
174            android:value="quest" />
174-->src\main\AndroidManifest.xml:57:59-80
175
176        <activity
176-->[com.google.android.gms:play-services-auth:11.8.0] AndroidManifest.xml:23:9-27:75
177            android:name="com.google.android.gms.auth.api.signin.internal.SignInHubActivity"
177-->[com.google.android.gms:play-services-auth:11.8.0] AndroidManifest.xml:24:13-93
178            android:excludeFromRecents="true"
178-->[com.google.android.gms:play-services-auth:11.8.0] AndroidManifest.xml:25:13-46
179            android:exported="false"
179-->[com.google.android.gms:play-services-auth:11.8.0] AndroidManifest.xml:26:13-37
180            android:theme="@android:style/Theme.Translucent.NoTitleBar" />
180-->[com.google.android.gms:play-services-auth:11.8.0] AndroidManifest.xml:27:13-72
181        <!--
182            Service handling Google Sign-In user revocation. For apps that do not integrate with
183            Google Sign-In, this service will never be started.
184        -->
185        <service
185-->[com.google.android.gms:play-services-auth:11.8.0] AndroidManifest.xml:33:9-36:110
186            android:name="com.google.android.gms.auth.api.signin.RevocationBoundService"
186-->[com.google.android.gms:play-services-auth:11.8.0] AndroidManifest.xml:34:13-89
187            android:exported="true"
187-->[com.google.android.gms:play-services-auth:11.8.0] AndroidManifest.xml:35:13-36
188            android:permission="com.google.android.gms.auth.api.signin.permission.REVOCATION_NOTIFICATION" />
188-->[com.google.android.gms:play-services-auth:11.8.0] AndroidManifest.xml:36:13-107
189
190        <meta-data
190-->[com.android.billingclient:billing:3.0.0] AndroidManifest.xml:13:9-15:37
191            android:name="com.google.android.play.billingclient.version"
191-->[com.android.billingclient:billing:3.0.0] AndroidManifest.xml:14:13-73
192            android:value="3.0.0" />
192-->[com.android.billingclient:billing:3.0.0] AndroidManifest.xml:15:13-34
193
194        <activity
194-->[com.android.billingclient:billing:3.0.0] AndroidManifest.xml:17:9-20:75
195            android:name="com.android.billingclient.api.ProxyBillingActivity"
195-->[com.android.billingclient:billing:3.0.0] AndroidManifest.xml:18:13-78
196            android:configChanges="keyboard|keyboardHidden|screenLayout|screenSize|orientation"
196-->[com.android.billingclient:billing:3.0.0] AndroidManifest.xml:19:13-96
197            android:theme="@android:style/Theme.Translucent.NoTitleBar" />
197-->[com.android.billingclient:billing:3.0.0] AndroidManifest.xml:20:13-72
198        <activity
198-->[com.google.android.gms:play-services-base:11.8.0] AndroidManifest.xml:23:9-26:75
199            android:name="com.google.android.gms.common.api.GoogleApiActivity"
199-->[com.google.android.gms:play-services-base:11.8.0] AndroidManifest.xml:24:13-79
200            android:exported="false"
200-->[com.google.android.gms:play-services-base:11.8.0] AndroidManifest.xml:25:13-37
201            android:theme="@android:style/Theme.Translucent.NoTitleBar" />
201-->[com.google.android.gms:play-services-base:11.8.0] AndroidManifest.xml:26:13-72
202
203        <provider
203-->[androidx.lifecycle:lifecycle-process:2.0.0] AndroidManifest.xml:23:9-27:43
204            android:name="androidx.lifecycle.ProcessLifecycleOwnerInitializer"
204-->[androidx.lifecycle:lifecycle-process:2.0.0] AndroidManifest.xml:24:13-79
205            android:authorities="com.EpicGames.AndroidQuickStart.lifecycle-process"
205-->[androidx.lifecycle:lifecycle-process:2.0.0] AndroidManifest.xml:25:13-69
206            android:exported="false"
206-->[androidx.lifecycle:lifecycle-process:2.0.0] AndroidManifest.xml:26:13-37
207            android:multiprocess="true" />
207-->[androidx.lifecycle:lifecycle-process:2.0.0] AndroidManifest.xml:27:13-40
208    </application>
209
210</manifest>